"pkg-config --exists gl"
| pkg-config --libs gl
=> "-lGL\n"
"gcc -o conftest -I/home/edwin/.rbenv/versions/2.6.3/include/ruby-2.6.0/x86_64-linux -I/home/edwin/.rbenv/versions/2.6.3/include/ruby-2.6.0/ruby/backward -I/home/edwin/.rbenv/versions/2.6.3/include/ruby-2.6.0 -I. -I.. -I/home/edwin/.rbenv/versions/2.6.3/include    -O3 -ggdb3 -Wall -Wextra -Wdeclaration-after-statement -Wdeprecated-declarations -Wduplicated-cond -Wimplicit-function-declaration -Wimplicit-int -Wmisleading-indentation -Wpointer-arith -Wrestrict -Wwrite-strings -Wimplicit-fallthrough=0 -Wmissing-noreturn -Wno-cast-function-type -Wno-constant-logical-operand -Wno-long-long -Wno-missing-field-initializers -Wno-overlength-strings -Wno-packed-bitfield-compat -Wno-parentheses-equality -Wno-self-assign -Wno-tautological-compare -Wno-unused-parameter -Wno-unused-value -Wsuggest-attribute=format -Wsuggest-attribute=noreturn -Wunused-variable -DGOSU_DEPRECATED= conftest.c  -L. -L/home/edwin/.rbenv/versions/2.6.3/lib -Wl,-rpath,/home/edwin/.rbenv/versions/2.6.3/lib -L. -L/home/edwin/.rbenv/versions/2.6.3/lib  -fstack-protector-strong -rdynamic -Wl,-export-dynamic     -Wl,-rpath,/home/edwin/.rbenv/versions/2.6.3/lib -L/home/edwin/.rbenv/versions/2.6.3/lib -lruby-static -lz -lpthread -lrt -lrt -lgmp -ldl -lcrypt -lm   -lm   -lc"
checked program was:
/* begin */
1: #include "ruby.h"
2: 
3: int main(int argc, char **argv)
4: {
5:   return 0;
6: }
/* end */

"gcc -o conftest -I/home/edwin/.rbenv/versions/2.6.3/include/ruby-2.6.0/x86_64-linux -I/home/edwin/.rbenv/versions/2.6.3/include/ruby-2.6.0/ruby/backward -I/home/edwin/.rbenv/versions/2.6.3/include/ruby-2.6.0 -I. -I.. -I/home/edwin/.rbenv/versions/2.6.3/include    -O3 -ggdb3 -Wall -Wextra -Wdeclaration-after-statement -Wdeprecated-declarations -Wduplicated-cond -Wimplicit-function-declaration -Wimplicit-int -Wmisleading-indentation -Wpointer-arith -Wrestrict -Wwrite-strings -Wimplicit-fallthrough=0 -Wmissing-noreturn -Wno-cast-function-type -Wno-constant-logical-operand -Wno-long-long -Wno-missing-field-initializers -Wno-overlength-strings -Wno-packed-bitfield-compat -Wno-parentheses-equality -Wno-self-assign -Wno-tautological-compare -Wno-unused-parameter -Wno-unused-value -Wsuggest-attribute=format -Wsuggest-attribute=noreturn -Wunused-variable -DGOSU_DEPRECATED= conftest.c  -L. -L/home/edwin/.rbenv/versions/2.6.3/lib -Wl,-rpath,/home/edwin/.rbenv/versions/2.6.3/lib -L. -L/home/edwin/.rbenv/versions/2.6.3/lib  -fstack-protector-strong -rdynamic -Wl,-export-dynamic     -Wl,-rpath,/home/edwin/.rbenv/versions/2.6.3/lib -L/home/edwin/.rbenv/versions/2.6.3/lib -lruby-static -lz -lpthread -lrt -lrt -lgmp -ldl -lcrypt -lm  -lGL -lm   -lc"
checked program was:
/* begin */
1: #include "ruby.h"
2: 
3: int main(int argc, char **argv)
4: {
5:   return 0;
6: }
/* end */

| pkg-config --cflags-only-I gl
=> "-I/usr/include/libdrm\n"
| pkg-config --cflags-only-other gl
=> "\n"
| pkg-config --libs-only-l gl
=> "-lGL\n"
package configuration for gl
cflags: 
ldflags: 
libs: -lGL

"pkg-config --exists sdl2"
| pkg-config --libs sdl2
=> "-lSDL2\n"
"gcc -o conftest -I/home/edwin/.rbenv/versions/2.6.3/include/ruby-2.6.0/x86_64-linux -I/home/edwin/.rbenv/versions/2.6.3/include/ruby-2.6.0/ruby/backward -I/home/edwin/.rbenv/versions/2.6.3/include/ruby-2.6.0 -I. -I.. -I/usr/include/libdrm -I/home/edwin/.rbenv/versions/2.6.3/include    -O3 -ggdb3 -Wall -Wextra -Wdeclaration-after-statement -Wdeprecated-declarations -Wduplicated-cond -Wimplicit-function-declaration -Wimplicit-int -Wmisleading-indentation -Wpointer-arith -Wrestrict -Wwrite-strings -Wimplicit-fallthrough=0 -Wmissing-noreturn -Wno-cast-function-type -Wno-constant-logical-operand -Wno-long-long -Wno-missing-field-initializers -Wno-overlength-strings -Wno-packed-bitfield-compat -Wno-parentheses-equality -Wno-self-assign -Wno-tautological-compare -Wno-unused-parameter -Wno-unused-value -Wsuggest-attribute=format -Wsuggest-attribute=noreturn -Wunused-variable -DGOSU_DEPRECATED=  conftest.c  -L. -L/home/edwin/.rbenv/versions/2.6.3/lib -Wl,-rpath,/home/edwin/.rbenv/versions/2.6.3/lib -L. -L/home/edwin/.rbenv/versions/2.6.3/lib  -fstack-protector-strong -rdynamic -Wl,-export-dynamic      -lGL -Wl,-rpath,/home/edwin/.rbenv/versions/2.6.3/lib -L/home/edwin/.rbenv/versions/2.6.3/lib -lruby-static -lz -lpthread -lrt -lrt -lgmp -ldl -lcrypt -lm  -lSDL2 -lm   -lc"
checked program was:
/* begin */
1: #include "ruby.h"
2: 
3: int main(int argc, char **argv)
4: {
5:   return 0;
6: }
/* end */

| pkg-config --cflags-only-I sdl2
=> "-I/usr/include/SDL2\n"
| pkg-config --cflags-only-other sdl2
=> "-D_REENTRANT\n"
| pkg-config --libs-only-l sdl2
=> "-lSDL2\n"
package configuration for sdl2
cflags: -D_REENTRANT
ldflags: 
libs: -lSDL2

"pkg-config --exists vorbisfile"
| pkg-config --libs vorbisfile
=> "-lvorbisfile\n"
"gcc -o conftest -I/home/edwin/.rbenv/versions/2.6.3/include/ruby-2.6.0/x86_64-linux -I/home/edwin/.rbenv/versions/2.6.3/include/ruby-2.6.0/ruby/backward -I/home/edwin/.rbenv/versions/2.6.3/include/ruby-2.6.0 -I. -I.. -I/usr/include/libdrm -I/usr/include/SDL2 -I/home/edwin/.rbenv/versions/2.6.3/include    -O3 -ggdb3 -Wall -Wextra -Wdeclaration-after-statement -Wdeprecated-declarations -Wduplicated-cond -Wimplicit-function-declaration -Wimplicit-int -Wmisleading-indentation -Wpointer-arith -Wrestrict -Wwrite-strings -Wimplicit-fallthrough=0 -Wmissing-noreturn -Wno-cast-function-type -Wno-constant-logical-operand -Wno-long-long -Wno-missing-field-initializers -Wno-overlength-strings -Wno-packed-bitfield-compat -Wno-parentheses-equality -Wno-self-assign -Wno-tautological-compare -Wno-unused-parameter -Wno-unused-value -Wsuggest-attribute=format -Wsuggest-attribute=noreturn -Wunused-variable -DGOSU_DEPRECATED=  -D_REENTRANT conftest.c  -L. -L/home/edwin/.rbenv/versions/2.6.3/lib -Wl,-rpath,/home/edwin/.rbenv/versions/2.6.3/lib -L. -L/home/edwin/.rbenv/versions/2.6.3/lib  -fstack-protector-strong -rdynamic -Wl,-export-dynamic       -lGL -lSDL2 -Wl,-rpath,/home/edwin/.rbenv/versions/2.6.3/lib -L/home/edwin/.rbenv/versions/2.6.3/lib -lruby-static -lz -lpthread -lrt -lrt -lgmp -ldl -lcrypt -lm  -lvorbisfile -lm   -lc"
checked program was:
/* begin */
1: #include "ruby.h"
2: 
3: int main(int argc, char **argv)
4: {
5:   return 0;
6: }
/* end */

| pkg-config --cflags-only-I vorbisfile
=> "\n"
| pkg-config --cflags-only-other vorbisfile
=> "\n"
| pkg-config --libs-only-l vorbisfile
=> "-lvorbisfile\n"
package configuration for vorbisfile
cflags: 
ldflags: 
libs: -lvorbisfile

"pkg-config --exists openal"
| pkg-config --libs openal
=> "-lopenal\n"
"gcc -o conftest -I/home/edwin/.rbenv/versions/2.6.3/include/ruby-2.6.0/x86_64-linux -I/home/edwin/.rbenv/versions/2.6.3/include/ruby-2.6.0/ruby/backward -I/home/edwin/.rbenv/versions/2.6.3/include/ruby-2.6.0 -I. -I.. -I/usr/include/libdrm -I/usr/include/SDL2  -I/home/edwin/.rbenv/versions/2.6.3/include    -O3 -ggdb3 -Wall -Wextra -Wdeclaration-after-statement -Wdeprecated-declarations -Wduplicated-cond -Wimplicit-function-declaration -Wimplicit-int -Wmisleading-indentation -Wpointer-arith -Wrestrict -Wwrite-strings -Wimplicit-fallthrough=0 -Wmissing-noreturn -Wno-cast-function-type -Wno-constant-logical-operand -Wno-long-long -Wno-missing-field-initializers -Wno-overlength-strings -Wno-packed-bitfield-compat -Wno-parentheses-equality -Wno-self-assign -Wno-tautological-compare -Wno-unused-parameter -Wno-unused-value -Wsuggest-attribute=format -Wsuggest-attribute=noreturn -Wunused-variable -DGOSU_DEPRECATED=  -D_REENTRANT  conftest.c  -L. -L/home/edwin/.rbenv/versions/2.6.3/lib -Wl,-rpath,/home/edwin/.rbenv/versions/2.6.3/lib -L. -L/home/edwin/.rbenv/versions/2.6.3/lib  -fstack-protector-strong -rdynamic -Wl,-export-dynamic        -lGL -lSDL2 -lvorbisfile -Wl,-rpath,/home/edwin/.rbenv/versions/2.6.3/lib -L/home/edwin/.rbenv/versions/2.6.3/lib -lruby-static -lz -lpthread -lrt -lrt -lgmp -ldl -lcrypt -lm  -lopenal -lm   -lc"
checked program was:
/* begin */
1: #include "ruby.h"
2: 
3: int main(int argc, char **argv)
4: {
5:   return 0;
6: }
/* end */

| pkg-config --cflags-only-I openal
=> "-I/usr/include/AL\n"
| pkg-config --cflags-only-other openal
=> "\n"
| pkg-config --libs-only-l openal
=> "-lopenal\n"
package configuration for openal
cflags: 
ldflags: 
libs: -lopenal

"pkg-config --exists sndfile"
| pkg-config --libs sndfile
=> "-lsndfile\n"
"gcc -o conftest -I/home/edwin/.rbenv/versions/2.6.3/include/ruby-2.6.0/x86_64-linux -I/home/edwin/.rbenv/versions/2.6.3/include/ruby-2.6.0/ruby/backward -I/home/edwin/.rbenv/versions/2.6.3/include/ruby-2.6.0 -I. -I.. -I/usr/include/libdrm -I/usr/include/SDL2  -I/usr/include/AL -I/home/edwin/.rbenv/versions/2.6.3/include    -O3 -ggdb3 -Wall -Wextra -Wdeclaration-after-statement -Wdeprecated-declarations -Wduplicated-cond -Wimplicit-function-declaration -Wimplicit-int -Wmisleading-indentation -Wpointer-arith -Wrestrict -Wwrite-strings -Wimplicit-fallthrough=0 -Wmissing-noreturn -Wno-cast-function-type -Wno-constant-logical-operand -Wno-long-long -Wno-missing-field-initializers -Wno-overlength-strings -Wno-packed-bitfield-compat -Wno-parentheses-equality -Wno-self-assign -Wno-tautological-compare -Wno-unused-parameter -Wno-unused-value -Wsuggest-attribute=format -Wsuggest-attribute=noreturn -Wunused-variable -DGOSU_DEPRECATED=  -D_REENTRANT   conftest.c  -L. -L/home/edwin/.rbenv/versions/2.6.3/lib -Wl,-rpath,/home/edwin/.rbenv/versions/2.6.3/lib -L. -L/home/edwin/.rbenv/versions/2.6.3/lib  -fstack-protector-strong -rdynamic -Wl,-export-dynamic         -lGL -lSDL2 -lvorbisfile -lopenal -Wl,-rpath,/home/edwin/.rbenv/versions/2.6.3/lib -L/home/edwin/.rbenv/versions/2.6.3/lib -lruby-static -lz -lpthread -lrt -lrt -lgmp -ldl -lcrypt -lm  -lsndfile -lm   -lc"
checked program was:
/* begin */
1: #include "ruby.h"
2: 
3: int main(int argc, char **argv)
4: {
5:   return 0;
6: }
/* end */

| pkg-config --cflags-only-I sndfile
=> "\n"
| pkg-config --cflags-only-other sndfile
=> "\n"
| pkg-config --libs-only-l sndfile
=> "-lsndfile\n"
package configuration for sndfile
cflags: 
ldflags: 
libs: -lsndfile

"pkg-config --exists libmpg123"
| pkg-config --libs libmpg123
=> "-lmpg123\n"
"gcc -o conftest -I/home/edwin/.rbenv/versions/2.6.3/include/ruby-2.6.0/x86_64-linux -I/home/edwin/.rbenv/versions/2.6.3/include/ruby-2.6.0/ruby/backward -I/home/edwin/.rbenv/versions/2.6.3/include/ruby-2.6.0 -I. -I.. -I/usr/include/libdrm -I/usr/include/SDL2  -I/usr/include/AL  -I/home/edwin/.rbenv/versions/2.6.3/include    -O3 -ggdb3 -Wall -Wextra -Wdeclaration-after-statement -Wdeprecated-declarations -Wduplicated-cond -Wimplicit-function-declaration -Wimplicit-int -Wmisleading-indentation -Wpointer-arith -Wrestrict -Wwrite-strings -Wimplicit-fallthrough=0 -Wmissing-noreturn -Wno-cast-function-type -Wno-constant-logical-operand -Wno-long-long -Wno-missing-field-initializers -Wno-overlength-strings -Wno-packed-bitfield-compat -Wno-parentheses-equality -Wno-self-assign -Wno-tautological-compare -Wno-unused-parameter -Wno-unused-value -Wsuggest-attribute=format -Wsuggest-attribute=noreturn -Wunused-variable -DGOSU_DEPRECATED=  -D_REENTRANT    conftest.c  -L. -L/home/edwin/.rbenv/versions/2.6.3/lib -Wl,-rpath,/home/edwin/.rbenv/versions/2.6.3/lib -L. -L/home/edwin/.rbenv/versions/2.6.3/lib  -fstack-protector-strong -rdynamic -Wl,-export-dynamic          -lGL -lSDL2 -lvorbisfile -lopenal -lsndfile -Wl,-rpath,/home/edwin/.rbenv/versions/2.6.3/lib -L/home/edwin/.rbenv/versions/2.6.3/lib -lruby-static -lz -lpthread -lrt -lrt -lgmp -ldl -lcrypt -lm  -lmpg123 -lm   -lc"
checked program was:
/* begin */
1: #include "ruby.h"
2: 
3: int main(int argc, char **argv)
4: {
5:   return 0;
6: }
/* end */

| pkg-config --cflags-only-I libmpg123
=> "\n"
| pkg-config --cflags-only-other libmpg123
=> "\n"
| pkg-config --libs-only-l libmpg123
=> "-lmpg123\n"
package configuration for libmpg123
cflags: 
ldflags: 
libs: -lmpg123

"pkg-config --exists fontconfig"
| pkg-config --libs fontconfig
=> "-lfontconfig -lfreetype\n"
"gcc -o conftest -I/home/edwin/.rbenv/versions/2.6.3/include/ruby-2.6.0/x86_64-linux -I/home/edwin/.rbenv/versions/2.6.3/include/ruby-2.6.0/ruby/backward -I/home/edwin/.rbenv/versions/2.6.3/include/ruby-2.6.0 -I. -I.. -I/usr/include/libdrm -I/usr/include/SDL2  -I/usr/include/AL   -I/home/edwin/.rbenv/versions/2.6.3/include    -O3 -ggdb3 -Wall -Wextra -Wdeclaration-after-statement -Wdeprecated-declarations -Wduplicated-cond -Wimplicit-function-declaration -Wimplicit-int -Wmisleading-indentation -Wpointer-arith -Wrestrict -Wwrite-strings -Wimplicit-fallthrough=0 -Wmissing-noreturn -Wno-cast-function-type -Wno-constant-logical-operand -Wno-long-long -Wno-missing-field-initializers -Wno-overlength-strings -Wno-packed-bitfield-compat -Wno-parentheses-equality -Wno-self-assign -Wno-tautological-compare -Wno-unused-parameter -Wno-unused-value -Wsuggest-attribute=format -Wsuggest-attribute=noreturn -Wunused-variable -DGOSU_DEPRECATED=  -D_REENTRANT     conftest.c  -L. -L/home/edwin/.rbenv/versions/2.6.3/lib -Wl,-rpath,/home/edwin/.rbenv/versions/2.6.3/lib -L. -L/home/edwin/.rbenv/versions/2.6.3/lib  -fstack-protector-strong -rdynamic -Wl,-export-dynamic           -lGL -lSDL2 -lvorbisfile -lopenal -lsndfile -lmpg123 -Wl,-rpath,/home/edwin/.rbenv/versions/2.6.3/lib -L/home/edwin/.rbenv/versions/2.6.3/lib -lruby-static -lz -lpthread -lrt -lrt -lgmp -ldl -lcrypt -lm  -lfontconfig -lfreetype -lm   -lc"
checked program was:
/* begin */
1: #include "ruby.h"
2: 
3: int main(int argc, char **argv)
4: {
5:   return 0;
6: }
/* end */

| pkg-config --cflags-only-I fontconfig
=> "-I/usr/include/freetype2 -I/usr/include/libpng16 -I/usr/include/freetype2 -I/usr/include/libpng16\n"
| pkg-config --cflags-only-other fontconfig
=> "\n"
| pkg-config --libs-only-l fontconfig
=> "-lfontconfig -lfreetype\n"
package configuration for fontconfig
cflags: 
ldflags: 
libs: -lfontconfig -lfreetype

have_library: checking for -lopenal... -------------------- yes

"gcc -o conftest -I/home/edwin/.rbenv/versions/2.6.3/include/ruby-2.6.0/x86_64-linux -I/home/edwin/.rbenv/versions/2.6.3/include/ruby-2.6.0/ruby/backward -I/home/edwin/.rbenv/versions/2.6.3/include/ruby-2.6.0 -I. -I.. -I/usr/include/libdrm -I/usr/include/SDL2  -I/usr/include/AL   -I/usr/include/freetype2 -I/usr/include/libpng16 -I/usr/include/freetype2 -I/usr/include/libpng16 -I/home/edwin/.rbenv/versions/2.6.3/include    -O3 -ggdb3 -Wall -Wextra -Wdeclaration-after-statement -Wdeprecated-declarations -Wduplicated-cond -Wimplicit-function-declaration -Wimplicit-int -Wmisleading-indentation -Wpointer-arith -Wrestrict -Wwrite-strings -Wimplicit-fallthrough=0 -Wmissing-noreturn -Wno-cast-function-type -Wno-constant-logical-operand -Wno-long-long -Wno-missing-field-initializers -Wno-overlength-strings -Wno-packed-bitfield-compat -Wno-parentheses-equality -Wno-self-assign -Wno-tautological-compare -Wno-unused-parameter -Wno-unused-value -Wsuggest-attribute=format -Wsuggest-attribute=noreturn -Wunused-variable -DGOSU_DEPRECATED=  -D_REENTRANT      conftest.c  -L. -L/home/edwin/.rbenv/versions/2.6.3/lib -Wl,-rpath,/home/edwin/.rbenv/versions/2.6.3/lib -L. -L/home/edwin/.rbenv/versions/2.6.3/lib  -fstack-protector-strong -rdynamic -Wl,-export-dynamic            -lGL -lSDL2 -lvorbisfile -lopenal -lsndfile -lmpg123 -lfontconfig -lfreetype -Wl,-rpath,/home/edwin/.rbenv/versions/2.6.3/lib -L/home/edwin/.rbenv/versions/2.6.3/lib -lruby-static -lz -lpthread -lrt -lrt -lgmp -ldl -lcrypt -lm  -lopenal  -lGL -lSDL2 -lvorbisfile -lopenal -lsndfile -lmpg123 -lfontconfig -lfreetype -lm   -lc"
checked program was:
/* begin */
 1: #include "ruby.h"
 2: 
 3: /*top*/
 4: extern int t(void);
 5: int main(int argc, char **argv)
 6: {
 7:   if (argc > 1000000) {
 8:     int (* volatile tp)(void)=(int (*)(void))&t;
 9:     printf("%d", (*tp)());
10:   }
11: 
12:   return 0;
13: }
14: 
15: int t(void) { ; return 0; }
/* end */

--------------------

have_header: checking for AL/al.h... -------------------- yes

"gcc -E -I/home/edwin/.rbenv/versions/2.6.3/include/ruby-2.6.0/x86_64-linux -I/home/edwin/.rbenv/versions/2.6.3/include/ruby-2.6.0/ruby/backward -I/home/edwin/.rbenv/versions/2.6.3/include/ruby-2.6.0 -I. -I.. -I/usr/include/libdrm -I/usr/include/SDL2  -I/usr/include/AL   -I/usr/include/freetype2 -I/usr/include/libpng16 -I/usr/include/freetype2 -I/usr/include/libpng16 -I/home/edwin/.rbenv/versions/2.6.3/include    -O3 -ggdb3 -Wall -Wextra -Wdeclaration-after-statement -Wdeprecated-declarations -Wduplicated-cond -Wimplicit-function-declaration -Wimplicit-int -Wmisleading-indentation -Wpointer-arith -Wrestrict -Wwrite-strings -Wimplicit-fallthrough=0 -Wmissing-noreturn -Wno-cast-function-type -Wno-constant-logical-operand -Wno-long-long -Wno-missing-field-initializers -Wno-overlength-strings -Wno-packed-bitfield-compat -Wno-parentheses-equality -Wno-self-assign -Wno-tautological-compare -Wno-unused-parameter -Wno-unused-value -Wsuggest-attribute=format -Wsuggest-attribute=noreturn -Wunused-variable -DGOSU_DEPRECATED=  -D_REENTRANT       conftest.c -o conftest.i"
checked program was:
/* begin */
1: #include "ruby.h"
2: 
3: #include <AL/al.h>
/* end */

--------------------

